<?xml version="1.0" encoding="utf-8"?><testsuites><testsuite name="pytest" errors="0" failures="0" skipped="0" tests="31" time="115.944" timestamp="2023-12-12T23:48:12.106975" hostname="DESKTOP-UJ3I3FS"><testcase classname="test_item.Test_search" name="test_search_product" time="4.224" /><testcase classname="test_item.Test_search" name="test_Datadriven[Brocolli - 1 Kg]" time="4.138" /><testcase classname="test_item.Test_search" name="test_Datadriven[Cauliflower - 1 Kg]" time="3.693" /><testcase classname="test_item.Test_search" name="test_Datadriven[Cucumber - 1 Kg]" time="3.481" /><testcase classname="test_item.Test_search" name="test_Datadriven[Beetroot - 1 Kg]" time="3.542" /><testcase classname="test_item.Test_search" name="test_Datadriven[Carrot - 1 Kg]" time="3.382" /><testcase classname="test_item.Test_search" name="test_Datadriven[Tomato - 1 Kg]" time="3.753" /><testcase classname="test_item.Test_search" name="test_Datadriven[Beans - 1 Kg]" time="3.927" /><testcase classname="test_item.Test_search" name="test_Datadriven[Brinjal - 1 Kg]" time="3.739" /><testcase classname="test_item.Test_search" name="test_Datadriven[Capsicum]" time="3.628" /><testcase classname="test_item.Test_search" name="test_Datadriven[Mushroom - 1 Kg]" time="3.439" /><testcase classname="test_item.Test_search" name="test_Datadriven[Potato - 1 Kg]" time="3.574" /><testcase classname="test_item.Test_search" name="test_Datadriven[Pumpkin - 1 Kg]" time="3.398" /><testcase classname="test_item.Test_search" name="test_Datadriven[Corn - 1 Kg]" time="3.664" /><testcase classname="test_item.Test_search" name="test_Datadriven[Onion - 1 Kg]" time="3.658" /><testcase classname="test_item.Test_search" name="test_Datadriven[Apple - 1 Kg]" time="3.490" /><testcase classname="test_item.Test_search" name="test_Datadriven[Banana - 1 Kg]" time="3.437" /><testcase classname="test_item.Test_search" name="test_Datadriven[Grapes - 1 Kg]" time="4.804" /><testcase classname="test_item.Test_search" name="test_Datadriven[Mango - 1 Kg]" time="3.555" /><testcase classname="test_item.Test_search" name="test_Datadriven[Musk Melon - 1 Kg]" time="3.519" /><testcase classname="test_item.Test_search" name="test_Datadriven[Orange - 1 Kg]" time="3.594" /><testcase classname="test_item.Test_search" name="test_Datadriven[Pears - 1 Kg]" time="3.589" /><testcase classname="test_item.Test_search" name="test_Datadriven[Pomegranate - 1 Kg]" time="3.840" /><testcase classname="test_item.Test_search" name="test_Datadriven[Raspberry - 1/4 Kg]" time="3.855" /><testcase classname="test_item.Test_search" name="test_Datadriven[Strawberry - 1/4 Kg]" time="3.554" /><testcase classname="test_item.Test_search" name="test_Datadriven[Water Melon - 1 Kg]" time="3.519" /><testcase classname="test_item.Test_search" name="test_Datadriven[Almonds - 1/4 Kg]" time="3.668" /><testcase classname="test_item.Test_search" name="test_Datadriven[Pista - 1/4 Kg]" time="3.885" /><testcase classname="test_item.Test_search" name="test_Datadriven[Nuts Mixture - 1 Kg]" time="4.426" /><testcase classname="test_item.Test_search" name="test_Datadriven[Cashews - 1 Kg]" time="4.145" /><testcase classname="test_item.Test_search" name="test_Datadriven[Walnuts - 1/4 Kg]" time="3.695" /></testsuite></testsuites>